

HI-TECH Software PIC PRO Macro Assembler V9.82 build 9453 
                                                                                               Mon Aug 31 14:06:35 2015

HI-TECH Software Omniscient Code Generator (PRO mode) build 9453
     1                           	processor	16F72
     2                           	opt	pw 120
     3                           	opt	pm
     4                           	psect	maintext,global,class=CODE,delta=2
     5                           	psect	cinit,global,class=CODE,delta=2
     6                           	psect	cstackCOMMON,global,class=COMMON,space=1,delta=1
     7                           	psect	text20,local,class=CODE,delta=2
     8                           	psect	text21,local,class=CODE,delta=2
     9                           	psect	pa_nodes,global,class=CODE,delta=2
    10                           	dabs	1,0x7E,2
    11  000A                     
    12                           	psect	maintext
    13  07CB                     __pmaintext:	
    14  0006                     _PORTB	set	6
    15  0086                     _TRISB	set	134
    16  0087                     _TRISC	set	135
    17                           
    18                           ; 0 bytes @ 0x5
    19 ;;Data sizes: Strings 0, constant 0, data 0, bss 0, persistent 0 stack 0
    20 ;;Auto spaces:   Size  Autos    Used
    21 ;; COMMON          62      5       5
    22 ;; BANK0           32      0       0
    23 ;; BANK1           32      0       0
    24 ;;
    25 ;; Pointer list with targets:
    26 ;;
    27 ;; Critical Paths under _main in COMMON
    28 ;;
    29 ;;   _main->_delay_ms
    30 ;;
    31 ;; Critical Paths under _main in BANK0
    32 ;;
    33 ;;   None.
    34 ;;
    35 ;; Critical Paths under _main in BANK1
    36 ;;
    37 ;;   None.
    38 ;;
    39 ;;Main: autosize = 0, tempsize = 0, incstack = 0, save=0
    40 ;;
    41 ;;
    42 ;;Call Graph Tables:
    43 ;;
    44 ;; ---------------------------------------------------------------------------------
    45 ;; (Depth) Function   	        Calls       Base Space   Used Autos Params    Refs
    46 ;; ---------------------------------------------------------------------------------
    47 ;; (0) _main                                                 0     0      0      75
    48 ;;                           _delay_ms
    49 ;; ---------------------------------------------------------------------------------
    50 ;; (1) _delay_ms                                             5     3      2      75
    51 ;;                                              0 COMMON     5     3      2
    52 ;; ---------------------------------------------------------------------------------
    53 ;; Estimated maximum stack depth 1
    54 ;; ---------------------------------------------------------------------------------
    55 ;; Call Graph Graphs:
    56 ;; _main (ROOT)
    57 ;;   _delay_ms
    58 ;;
    59 ;; Address spaces:
    60 ;;Name               Size   Autos  Total    Cost      Usage
    61 ;;BITCOMMON           3E      0       0       0        0.0%
    62 ;;NULL                 0      0       0       0        0.0%
    63 ;;CODE                 0      0       0       0        0.0%
    64 ;;COMMON              3E      5       5       1        8.1%
    65 ;;BITSFR0              0      0       0       1        0.0%
    66 ;;SFR0                 0      0       0       1        0.0%
    67 ;;BITSFR1              0      0       0       2        0.0%
    68 ;;SFR1                 0      0       0       2        0.0%
    69 ;;STACK                0      0       1       2        0.0%
    70 ;;BANK0               20      0       0       3        0.0%
    71 ;;BITSFR3              0      0       0       4        0.0%
    72 ;;SFR3                 0      0       0       4        0.0%
    73 ;;ABS                  0      0       0       4        0.0%
    74 ;;BITBANK0            20      0       0       5        0.0%
    75 ;;BITSFR2              0      0       0       5        0.0%
    76 ;;SFR2                 0      0       0       5        0.0%
    77 ;;BITBANK1            20      0       0       6        0.0%
    78 ;;BANK1               20      0       0       7        0.0%
    79 ;;DATA                 0      0       0       8        0.0%
    80 ;; *************** function _main *****************
    81 ;; Defined at:
    82 ;;		line 14 in file "D:\PIC16F72\PIC16 DEMO\main.c"
    83 ;; Parameters:    Size  Location     Type
    84 ;;		None
    85 ;; Auto vars:     Size  Location     Type
    86 ;;		None
    87 ;; Return value:  Size  Location     Type
    88 ;;		None               void
    89 ;; Registers used:
    90 ;;		wreg, status,2, status,0, pclath, cstack
    91 ;; Tracked objects:
    92 ;;		On entry : 17F/0
    93 ;;		On exit  : 17F/0
    94 ;;		Unchanged: FFE80/0
    95 ;; Data sizes:     COMMON   BANK0   BANK1
    96 ;;      Params:         0       0       0
    97 ;;      Locals:         0       0       0
    98 ;;      Temps:          0       0       0
    99 ;;      Totals:         0       0       0
   100 ;;Total ram usage:        0 bytes
   101 ;; Hardware stack levels required when called:    1
   102 ;; This function calls:
   103 ;;		_delay_ms
   104 ;; This function is called by:
   105 ;;		Startup code after reset
   106 ;; This function uses a non-reentrant model
   107 ;;
   108  07CB                     _main:	
   109                           
   110                           ;main.c: 15: TRISB=0x00;
   111                           
   112                           ; Regs used in _main: [wreg+status,2+status,0+pclath+cstack]
   113  07CB  1683               	bsf	3,5	;RP0=1, select bank1
   114  07CC  0186               	clrf	6	;volatile
   115                           
   116                           ;main.c: 16: TRISC=0x00;
   117  07CD  0187               	clrf	7	;volatile
   118  07CE                     l824:	
   119                           
   120                           ;main.c: 18: {
   121                           ;main.c: 19: PORTB=0xFE;
   122  07CE  30FE               	movlw	254
   123  07CF  1283               	bcf	3,5	;RP0=0, select bank0
   124  07D0  0086               	movwf	6	;volatile
   125                           
   126                           ;main.c: 20: delay_ms(100);
   127  07D1  3064               	movlw	100
   128  07D2  00C0               	movwf	?_delay_ms
   129  07D3  01C1               	clrf	?_delay_ms+1
   130  07D4  27B7               	fcall	_delay_ms
   131                           
   132                           ;main.c: 21: PORTB=0xFD;
   133  07D5  30FD               	movlw	253
   134  07D6  0086               	movwf	6	;volatile
   135                           
   136                           ;main.c: 22: delay_ms(100);
   137  07D7  3064               	movlw	100
   138  07D8  00C0               	movwf	?_delay_ms
   139  07D9  01C1               	clrf	?_delay_ms+1
   140  07DA  27B7               	fcall	_delay_ms
   141                           
   142                           ;main.c: 23: PORTB=0xFB;
   143  07DB  30FB               	movlw	251
   144  07DC  0086               	movwf	6	;volatile
   145                           
   146                           ;main.c: 24: delay_ms(100);
   147  07DD  3064               	movlw	100
   148  07DE  00C0               	movwf	?_delay_ms
   149  07DF  01C1               	clrf	?_delay_ms+1
   150  07E0  27B7               	fcall	_delay_ms
   151                           
   152                           ;main.c: 25: PORTB=0xF7;
   153  07E1  30F7               	movlw	247
   154  07E2  0086               	movwf	6	;volatile
   155                           
   156                           ;main.c: 26: delay_ms(100);
   157  07E3  3064               	movlw	100
   158  07E4  00C0               	movwf	?_delay_ms
   159  07E5  01C1               	clrf	?_delay_ms+1
   160  07E6  27B7               	fcall	_delay_ms
   161                           
   162                           ;main.c: 27: PORTB=0xEF;
   163  07E7  30EF               	movlw	239
   164  07E8  0086               	movwf	6	;volatile
   165                           
   166                           ;main.c: 28: delay_ms(100);
   167  07E9  3064               	movlw	100
   168  07EA  00C0               	movwf	?_delay_ms
   169  07EB  01C1               	clrf	?_delay_ms+1
   170  07EC  27B7               	fcall	_delay_ms
   171                           
   172                           ;main.c: 29: PORTB=0xDF;
   173  07ED  30DF               	movlw	223
   174  07EE  0086               	movwf	6	;volatile
   175                           
   176                           ;main.c: 30: delay_ms(100);
   177  07EF  3064               	movlw	100
   178  07F0  00C0               	movwf	?_delay_ms
   179  07F1  01C1               	clrf	?_delay_ms+1
   180  07F2  27B7               	fcall	_delay_ms
   181                           
   182                           ;main.c: 31: PORTB=0xBF;
   183  07F3  30BF               	movlw	191
   184  07F4  0086               	movwf	6	;volatile
   185                           
   186                           ;main.c: 32: delay_ms(100);
   187  07F5  3064               	movlw	100
   188  07F6  00C0               	movwf	?_delay_ms
   189  07F7  01C1               	clrf	?_delay_ms+1
   190  07F8  27B7               	fcall	_delay_ms
   191                           
   192                           ;main.c: 33: PORTB=0x7F;
   193  07F9  307F               	movlw	127
   194  07FA  0086               	movwf	6	;volatile
   195                           
   196                           ;main.c: 34: delay_ms(100);
   197  07FB  3064               	movlw	100
   198  07FC  00C0               	movwf	?_delay_ms
   199  07FD  01C1               	clrf	?_delay_ms+1
   200  07FE  27B7               	fcall	_delay_ms
   201  07FF  2FCE               	goto	l824
   202  0800                     __end_of_main:	
   203                           
   204                           	psect	cinit
   205  07B5                     start_initialization:	
   206  07B5                     end_of_initialization:	
   207                           ;End of C runtime variable initialization code
   208                           
   209  07B5  0183               	clrf	3
   210  07B6  2FCB               	ljmp	_main	;jump to C main() function
   211                           
   212                           	psect	cstackCOMMON
   213  0040                     __pcstackCOMMON:	
   214  0040                     ?_delay_ms:	
   215  0040                     ?_main:	
   216                           ; 0 bytes @ 0x0
   217                           
   218  0040                     delay_ms@z:	
   219                           ; 0 bytes @ 0x0
   220                           
   221                           
   222                           ; 2 bytes @ 0x0
   223  0040                     	ds	2
   224  0042                     ??_delay_ms:	
   225  0042                     delay_ms@y:	
   226                           ; 0 bytes @ 0x2
   227                           
   228                           
   229                           ; 2 bytes @ 0x2
   230  0042                     	ds	2
   231  0044                     delay_ms@x:	
   232                           
   233                           ; 1 bytes @ 0x4
   234  0044                     	ds	1
   235  0045                     ??_main:	
   236                           
   237                           	psect	text20
   238  07B7                     __ptext20:	
   239 ;; =============== function _main ends ============
   240                           
   241                           
   242 ;; *************** function _delay_ms *****************
   243 ;; Defined at:
   244 ;;		line 6 in file "D:\PIC16F72\PIC16 DEMO\main.c"
   245 ;; Parameters:    Size  Location     Type
   246 ;;  z               2    0[COMMON] unsigned int 
   247 ;; Auto vars:     Size  Location     Type
   248 ;;  y               2    2[COMMON] unsigned int 
   249 ;;  x               1    4[COMMON] unsigned char 
   250 ;; Return value:  Size  Location     Type
   251 ;;		None               void
   252 ;; Registers used:
   253 ;;		wreg, status,2, status,0
   254 ;; Tracked objects:
   255 ;;		On entry : 17F/0
   256 ;;		On exit  : 17F/0
   257 ;;		Unchanged: FFE80/0
   258 ;; Data sizes:     COMMON   BANK0   BANK1
   259 ;;      Params:         2       0       0
   260 ;;      Locals:         3       0       0
   261 ;;      Temps:          0       0       0
   262 ;;      Totals:         5       0       0
   263 ;;Total ram usage:        5 bytes
   264 ;; Hardware stack levels used:    1
   265 ;; This function calls:
   266 ;;		Nothing
   267 ;; This function is called by:
   268 ;;		_main
   269 ;; This function uses a non-reentrant model
   270 ;;
   271  07B7                     _delay_ms:	
   272                           
   273                           ;main.c: 7: unsigned char x;
   274                           ;main.c: 8: unsigned int y;
   275                           ;main.c: 9: for(x=110;x>0;x--)
   276                           
   277                           ; Regs used in _delay_ms: [wreg+status,2+status,0]
   278  07B7  306E               	movlw	110
   279  07B8  00C4               	movwf	delay_ms@x
   280  07B9                     l810:	
   281                           
   282                           ;main.c: 10: for(y=z;y>0;y--);
   283  07B9  0841               	movf	delay_ms@z+1,w
   284  07BA  00C3               	movwf	delay_ms@y+1
   285  07BB  0840               	movf	delay_ms@z,w
   286  07BC  00C2               	movwf	delay_ms@y
   287  07BD                     l812:	
   288  07BD  0843               	movf	delay_ms@y+1,w
   289  07BE  0442               	iorwf	delay_ms@y,w
   290  07BF  1903               	btfsc	3,2
   291  07C0  2FC8               	goto	l820
   292  07C1  3001               	movlw	1
   293  07C2  02C2               	subwf	delay_ms@y,f
   294  07C3  3000               	movlw	0
   295  07C4  1C03               	skipc
   296  07C5  03C3               	decf	delay_ms@y+1,f
   297  07C6  02C3               	subwf	delay_ms@y+1,f
   298  07C7  2FBD               	goto	l812
   299  07C8                     l820:	
   300  07C8  0BC4               	decfsz	delay_ms@x,f
   301  07C9  2FB9               	goto	l810
   302  07CA  0008               	return
   303  07CB                     __end_of_delay_ms:	
   304                           
   305                           	psect	text21
   306  0000                     __ptext21:	
   307 ;; =============== function _delay_ms ends ============
   308                           
   309  007E                     btemp	set	126	;btemp
   310  007E                     wtemp0	set	126


HI-TECH Software PICC Macro Assembler V9.82 build 9453 
Symbol Table                                                                                   Mon Aug 31 14:06:35 2015

                 l429 0000                   l810 07B9                   l820 07C8                   l812 07BD  
                 l804 0000                   l830 0000                   l822 0000                   l840 0000  
                 l832 0000                   l824 07CE                   l850 0000                   l842 0000  
                 l834 0000                   l826 0000                   l852 0000                   l844 0000  
                 l836 0000                   l828 0000                   l854 0000                   l846 0000  
                 l838 0000                   l848 0000                  _main 07CB                  btemp 007E  
                start 0000                 ?_main 0040                 _PORTB 0006                 _TRISB 0086  
               _TRISC 0087                 status 0003                 wtemp0 007E          __end_of_main 0800  
              ??_main 0045      __end_of_delay_ms 07CB        __pcstackCOMMON 0040            __pmaintext 07CB  
           ?_delay_ms 0040            ??_delay_ms 0042  end_of_initialization 07B5   start_initialization 07B5  
   __size_of_delay_ms 0014             delay_ms@x 0044             delay_ms@y 0042             delay_ms@z 0040  
            _delay_ms 07B7              __ptext20 07B7              __ptext21 0000         __size_of_main 0035  
